{"level":"info","message":"✅ MongoDB Connected: ac-exrwgag-shard-00-00.o1lz01x.mongodb.net","service":"openipo-backend","timestamp":"2026-01-23T07:20:31.597Z"}
{"level":"info","message":"✅ MongoDB Connected: ac-exrwgag-shard-00-01.o1lz01x.mongodb.net","service":"openipo-backend","timestamp":"2026-01-23T07:21:36.882Z"}
{"level":"info","message":"✅ MongoDB Connected: ac-exrwgag-shard-00-02.o1lz01x.mongodb.net","service":"openipo-backend","timestamp":"2026-01-23T07:22:22.967Z"}
{"level":"info","message":"✅ MongoDB Connected: ac-exrwgag-shard-00-00.o1lz01x.mongodb.net","service":"openipo-backend","timestamp":"2026-01-23T07:23:20.314Z"}
{"level":"info","message":"✅ Server running on port 5000","service":"openipo-backend","timestamp":"2026-01-23T07:23:20.344Z"}
{"level":"info","message":"✅ MongoDB Connected: ac-exrwgag-shard-00-00.o1lz01x.mongodb.net","service":"openipo-backend","timestamp":"2026-01-23T07:55:12.687Z"}
{"level":"info","message":"✅ Server running on port 5000","service":"openipo-backend","timestamp":"2026-01-23T07:55:12.729Z"}
{"level":"info","message":"✅ MongoDB Connected: ac-exrwgag-shard-00-02.o1lz01x.mongodb.net","service":"openipo-backend","timestamp":"2026-01-24T05:16:25.148Z"}
{"level":"info","message":"✅ Server running on port 5000","service":"openipo-backend","timestamp":"2026-01-24T05:16:25.187Z"}
{"level":"info","message":"✅ MongoDB Connected: ac-exrwgag-shard-00-01.o1lz01x.mongodb.net","service":"openipo-backend","timestamp":"2026-01-24T05:17:25.139Z"}
{"level":"info","message":"✅ MongoDB Connected: ac-exrwgag-shard-00-02.o1lz01x.mongodb.net","service":"openipo-backend","timestamp":"2026-01-24T05:18:37.369Z"}
{"level":"info","message":"✅ Server running on port 5000","service":"openipo-backend","timestamp":"2026-01-24T05:18:37.404Z"}
{"level":"info","message":"✅ MongoDB Connected: ac-exrwgag-shard-00-00.o1lz01x.mongodb.net","service":"openipo-backend","timestamp":"2026-01-24T06:17:26.553Z"}
{"level":"info","message":"✅ MongoDB Connected: ac-exrwgag-shard-00-00.o1lz01x.mongodb.net","service":"openipo-backend","timestamp":"2026-01-24T06:32:07.853Z"}
{"level":"info","message":"✅ Server running on port 5000","service":"openipo-backend","timestamp":"2026-01-24T06:32:07.890Z"}
{"level":"info","message":"✅ MongoDB Connected: ac-exrwgag-shard-00-00.o1lz01x.mongodb.net","service":"openipo-backend","timestamp":"2026-01-24T07:47:38.222Z"}
{"level":"info","message":"✅ Server running on port 5000","service":"openipo-backend","timestamp":"2026-01-24T07:47:38.258Z"}
{"level":"info","message":"✅ MongoDB Connected: ac-exrwgag-shard-00-02.o1lz01x.mongodb.net","service":"openipo-backend","timestamp":"2026-01-24T08:27:00.116Z"}
{"level":"info","message":"✅ Server running on port 5000","service":"openipo-backend","timestamp":"2026-01-24T08:27:00.166Z"}
{"level":"info","message":"✅ MongoDB Connected: ac-exrwgag-shard-00-02.o1lz01x.mongodb.net","service":"openipo-backend","timestamp":"2026-01-24T08:27:32.854Z"}
{"level":"info","message":"✅ Server running on port 5000","service":"openipo-backend","timestamp":"2026-01-24T08:27:32.898Z"}
{"level":"info","message":"✅ MongoDB Connected: ac-exrwgag-shard-00-02.o1lz01x.mongodb.net","service":"openipo-backend","timestamp":"2026-01-24T08:58:08.611Z"}
{"level":"info","message":"✅ Server running on port 5000","service":"openipo-backend","timestamp":"2026-01-24T08:58:08.659Z"}
{"level":"info","message":"✅ MongoDB Connected: ac-exrwgag-shard-00-00.o1lz01x.mongodb.net","service":"openipo-backend","timestamp":"2026-01-24T08:59:09.076Z"}
{"level":"info","message":"✅ Server running on port 5000","service":"openipo-backend","timestamp":"2026-01-24T08:59:09.102Z"}
{"level":"info","message":"✅ MongoDB Connected: ac-exrwgag-shard-00-00.o1lz01x.mongodb.net","service":"openipo-backend","timestamp":"2026-01-24T14:24:20.957Z"}
{"level":"info","message":"✅ Server running on port 5000","service":"openipo-backend","timestamp":"2026-01-24T14:24:20.969Z"}
{"level":"info","message":"✅ MongoDB Connected: ac-exrwgag-shard-00-02.o1lz01x.mongodb.net","service":"openipo-backend","timestamp":"2026-01-24T14:30:20.395Z"}
{"level":"info","message":"✅ Server running on port 5000","service":"openipo-backend","timestamp":"2026-01-24T14:30:20.416Z"}
{"level":"info","message":"✅ MongoDB Connected: ac-exrwgag-shard-00-01.o1lz01x.mongodb.net","service":"openipo-backend","timestamp":"2026-01-24T14:30:40.164Z"}
{"level":"info","message":"✅ Server running on port 5000","service":"openipo-backend","timestamp":"2026-01-24T14:30:40.177Z"}
{"error":"Not Found - /favicon.ico","level":"error","message":"Error occurred","method":"GET","service":"openipo-backend","stack":"Error: Not Found - /favicon.ico\n    at notFound (file:///D:/openipo/backend/src/middlewares/notFound.js:2:19)\n    at Layer.handle [as handle_request] (D:\\openipo\\backend\\node_modules\\express\\lib\\router\\layer.js:95:5)\n    at trim_prefix (D:\\openipo\\backend\\node_modules\\express\\lib\\router\\index.js:328:13)\n    at D:\\openipo\\backend\\node_modules\\express\\lib\\router\\index.js:286:9\n    at router.process_params (D:\\openipo\\backend\\node_modules\\express\\lib\\router\\index.js:346:12)\n    at next (D:\\openipo\\backend\\node_modules\\express\\lib\\router\\index.js:280:10)\n    at file:///D:/openipo/backend/node_modules/express-rate-limit/dist/index.mjs:779:7\n    at process.processTicksAndRejections (node:internal/process/task_queues:105:5)\n    at async file:///D:/openipo/backend/node_modules/express-rate-limit/dist/index.mjs:663:5","timestamp":"2026-01-24T14:31:22.904Z","url":"/favicon.ico"}
{"error":"Not Found - /api/ipos","level":"error","message":"Error occurred","method":"GET","service":"openipo-backend","stack":"Error: Not Found - /api/ipos\n    at notFound (file:///D:/openipo/backend/src/middlewares/notFound.js:2:19)\n    at Layer.handle [as handle_request] (D:\\openipo\\backend\\node_modules\\express\\lib\\router\\layer.js:95:5)\n    at trim_prefix (D:\\openipo\\backend\\node_modules\\express\\lib\\router\\index.js:328:13)\n    at D:\\openipo\\backend\\node_modules\\express\\lib\\router\\index.js:286:9\n    at router.process_params (D:\\openipo\\backend\\node_modules\\express\\lib\\router\\index.js:346:12)\n    at next (D:\\openipo\\backend\\node_modules\\express\\lib\\router\\index.js:280:10)\n    at file:///D:/openipo/backend/node_modules/express-rate-limit/dist/index.mjs:779:7\n    at process.processTicksAndRejections (node:internal/process/task_queues:105:5)\n    at async file:///D:/openipo/backend/node_modules/express-rate-limit/dist/index.mjs:663:5","timestamp":"2026-01-24T14:31:32.215Z","url":"/api/ipos"}
{"error":"Not Found - /favicon.ico","level":"error","message":"Error occurred","method":"GET","service":"openipo-backend","stack":"Error: Not Found - /favicon.ico\n    at notFound (file:///D:/openipo/backend/src/middlewares/notFound.js:2:19)\n    at Layer.handle [as handle_request] (D:\\openipo\\backend\\node_modules\\express\\lib\\router\\layer.js:95:5)\n    at trim_prefix (D:\\openipo\\backend\\node_modules\\express\\lib\\router\\index.js:328:13)\n    at D:\\openipo\\backend\\node_modules\\express\\lib\\router\\index.js:286:9\n    at router.process_params (D:\\openipo\\backend\\node_modules\\express\\lib\\router\\index.js:346:12)\n    at next (D:\\openipo\\backend\\node_modules\\express\\lib\\router\\index.js:280:10)\n    at file:///D:/openipo/backend/node_modules/express-rate-limit/dist/index.mjs:779:7\n    at process.processTicksAndRejections (node:internal/process/task_queues:105:5)\n    at async file:///D:/openipo/backend/node_modules/express-rate-limit/dist/index.mjs:663:5","timestamp":"2026-01-24T14:31:32.352Z","url":"/favicon.ico"}
{"error":"Not Found - /favicon.ico","level":"error","message":"Error occurred","method":"GET","service":"openipo-backend","stack":"Error: Not Found - /favicon.ico\n    at notFound (file:///D:/openipo/backend/src/middlewares/notFound.js:2:19)\n    at Layer.handle [as handle_request] (D:\\openipo\\backend\\node_modules\\express\\lib\\router\\layer.js:95:5)\n    at trim_prefix (D:\\openipo\\backend\\node_modules\\express\\lib\\router\\index.js:328:13)\n    at D:\\openipo\\backend\\node_modules\\express\\lib\\router\\index.js:286:9\n    at router.process_params (D:\\openipo\\backend\\node_modules\\express\\lib\\router\\index.js:346:12)\n    at next (D:\\openipo\\backend\\node_modules\\express\\lib\\router\\index.js:280:10)\n    at file:///D:/openipo/backend/node_modules/express-rate-limit/dist/index.mjs:779:7\n    at process.processTicksAndRejections (node:internal/process/task_queues:105:5)\n    at async file:///D:/openipo/backend/node_modules/express-rate-limit/dist/index.mjs:663:5","timestamp":"2026-01-24T14:31:37.566Z","url":"/favicon.ico"}
{"error":"Not Found - /favicon.ico","level":"error","message":"Error occurred","method":"GET","service":"openipo-backend","stack":"Error: Not Found - /favicon.ico\n    at notFound (file:///D:/openipo/backend/src/middlewares/notFound.js:2:19)\n    at Layer.handle [as handle_request] (D:\\openipo\\backend\\node_modules\\express\\lib\\router\\layer.js:95:5)\n    at trim_prefix (D:\\openipo\\backend\\node_modules\\express\\lib\\router\\index.js:328:13)\n    at D:\\openipo\\backend\\node_modules\\express\\lib\\router\\index.js:286:9\n    at router.process_params (D:\\openipo\\backend\\node_modules\\express\\lib\\router\\index.js:346:12)\n    at next (D:\\openipo\\backend\\node_modules\\express\\lib\\router\\index.js:280:10)\n    at file:///D:/openipo/backend/node_modules/express-rate-limit/dist/index.mjs:779:7\n    at process.processTicksAndRejections (node:internal/process/task_queues:105:5)\n    at async file:///D:/openipo/backend/node_modules/express-rate-limit/dist/index.mjs:663:5","timestamp":"2026-01-24T14:32:00.025Z","url":"/favicon.ico"}
{"level":"info","message":"✅ MongoDB Connected: ac-exrwgag-shard-00-01.o1lz01x.mongodb.net","service":"openipo-backend","timestamp":"2026-01-24T14:32:59.877Z"}
{"level":"info","message":"✅ Server running on port 5000","service":"openipo-backend","timestamp":"2026-01-24T14:32:59.903Z"}
{"level":"info","message":"✅ MongoDB Connected: ac-exrwgag-shard-00-01.o1lz01x.mongodb.net","service":"openipo-backend","timestamp":"2026-01-24T14:36:07.122Z"}
{"level":"info","message":"✅ Server running on port 5000","service":"openipo-backend","timestamp":"2026-01-24T14:36:07.136Z"}
{"level":"info","message":"✅ MongoDB Connected: ac-exrwgag-shard-00-02.o1lz01x.mongodb.net","service":"openipo-backend","timestamp":"2026-01-24T14:37:03.280Z"}
{"level":"info","message":"✅ MongoDB Connected: ac-exrwgag-shard-00-01.o1lz01x.mongodb.net","service":"openipo-backend","timestamp":"2026-01-24T14:37:27.714Z"}
{"level":"info","message":"✅ Server running on port 5000","service":"openipo-backend","timestamp":"2026-01-24T14:37:27.736Z"}
{"level":"info","message":"✅ MongoDB Connected: ac-exrwgag-shard-00-00.o1lz01x.mongodb.net","service":"openipo-backend","timestamp":"2026-01-24T14:37:51.802Z"}
{"level":"info","message":"✅ Server running on port 5000","service":"openipo-backend","timestamp":"2026-01-24T14:37:51.821Z"}
{"level":"info","message":"✅ MongoDB Connected: ac-exrwgag-shard-00-01.o1lz01x.mongodb.net","service":"openipo-backend","timestamp":"2026-01-24T14:54:14.568Z"}
{"level":"info","message":"✅ Server running on port 5000","service":"openipo-backend","timestamp":"2026-01-24T14:54:14.618Z"}
{"error":"Not Found - /favicon.ico","level":"error","message":"Error occurred","method":"GET","service":"openipo-backend","stack":"Error: Not Found - /favicon.ico\n    at notFound (file:///D:/openipo/backend/src/middlewares/notFound.js:2:19)\n    at Layer.handle [as handle_request] (D:\\openipo\\backend\\node_modules\\express\\lib\\router\\layer.js:95:5)\n    at trim_prefix (D:\\openipo\\backend\\node_modules\\express\\lib\\router\\index.js:328:13)\n    at D:\\openipo\\backend\\node_modules\\express\\lib\\router\\index.js:286:9\n    at router.process_params (D:\\openipo\\backend\\node_modules\\express\\lib\\router\\index.js:346:12)\n    at next (D:\\openipo\\backend\\node_modules\\express\\lib\\router\\index.js:280:10)\n    at file:///D:/openipo/backend/node_modules/express-rate-limit/dist/index.mjs:779:7\n    at process.processTicksAndRejections (node:internal/process/task_queues:105:5)\n    at async file:///D:/openipo/backend/node_modules/express-rate-limit/dist/index.mjs:663:5","timestamp":"2026-01-24T14:54:17.593Z","url":"/favicon.ico"}
{"level":"info","message":"✅ MongoDB Connected: ac-exrwgag-shard-00-01.o1lz01x.mongodb.net","service":"openipo-backend","timestamp":"2026-01-24T14:56:57.927Z"}
{"level":"info","message":"✅ MongoDB Connected: ac-exrwgag-shard-00-02.o1lz01x.mongodb.net","service":"openipo-backend","timestamp":"2026-01-24T15:01:38.684Z"}
{"level":"info","message":"✅ Server running on port 5000","service":"openipo-backend","timestamp":"2026-01-24T15:01:38.755Z"}
{"level":"info","message":"✅ MongoDB Connected: ac-exrwgag-shard-00-00.o1lz01x.mongodb.net","service":"openipo-backend","timestamp":"2026-01-24T15:08:44.398Z"}
{"level":"info","message":"✅ MongoDB Connected: ac-exrwgag-shard-00-01.o1lz01x.mongodb.net","service":"openipo-backend","timestamp":"2026-01-24T15:09:45.942Z"}
{"level":"info","message":"✅ Server running on port 5000","service":"openipo-backend","timestamp":"2026-01-24T15:09:46.054Z"}
{"level":"info","message":"✅ MongoDB Connected: ac-exrwgag-shard-00-02.o1lz01x.mongodb.net","service":"openipo-backend","timestamp":"2026-01-24T15:21:41.501Z"}
{"error":"Not Found - /favicon.ico","level":"error","message":"Error occurred","method":"GET","service":"openipo-backend","stack":"Error: Not Found - /favicon.ico\n    at notFound (file:///D:/openipo/backend/src/middlewares/notFound.js:2:19)\n    at Layer.handle [as handle_request] (D:\\openipo\\backend\\node_modules\\express\\lib\\router\\layer.js:95:5)\n    at trim_prefix (D:\\openipo\\backend\\node_modules\\express\\lib\\router\\index.js:328:13)\n    at D:\\openipo\\backend\\node_modules\\express\\lib\\router\\index.js:286:9\n    at router.process_params (D:\\openipo\\backend\\node_modules\\express\\lib\\router\\index.js:346:12)\n    at next (D:\\openipo\\backend\\node_modules\\express\\lib\\router\\index.js:280:10)\n    at file:///D:/openipo/backend/node_modules/express-rate-limit/dist/index.mjs:779:7\n    at process.processTicksAndRejections (node:internal/process/task_queues:105:5)\n    at async file:///D:/openipo/backend/node_modules/express-rate-limit/dist/index.mjs:663:5","timestamp":"2026-01-24T15:21:53.685Z","url":"/favicon.ico"}
{"level":"info","message":"✅ MongoDB Connected: ac-exrwgag-shard-00-01.o1lz01x.mongodb.net","service":"openipo-backend","timestamp":"2026-01-25T04:24:58.440Z"}
{"level":"info","message":"✅ Server running on port 5000","service":"openipo-backend","timestamp":"2026-01-25T04:24:58.465Z"}
{"level":"info","message":"✅ MongoDB Connected: ac-exrwgag-shard-00-01.o1lz01x.mongodb.net","service":"openipo-backend","timestamp":"2026-01-25T04:32:24.540Z"}
{"level":"info","message":"✅ Server running on port 5000","service":"openipo-backend","timestamp":"2026-01-25T04:32:24.571Z"}
{"level":"info","message":"✅ MongoDB Connected: ac-exrwgag-shard-00-02.o1lz01x.mongodb.net","service":"openipo-backend","timestamp":"2026-01-25T04:40:18.184Z"}
{"level":"info","message":"✅ Server running on port 5000","service":"openipo-backend","timestamp":"2026-01-25T04:40:18.237Z"}
{"level":"info","message":"✅ MongoDB Connected: ac-exrwgag-shard-00-00.o1lz01x.mongodb.net","service":"openipo-backend","timestamp":"2026-01-25T04:44:51.715Z"}
{"level":"info","message":"✅ MongoDB Connected: ac-exrwgag-shard-00-02.o1lz01x.mongodb.net","service":"openipo-backend","timestamp":"2026-01-25T04:49:08.857Z"}
{"level":"info","message":"✅ Server running on port 5000","service":"openipo-backend","timestamp":"2026-01-25T04:49:08.889Z"}
{"level":"info","message":"✅ MongoDB Connected: ac-exrwgag-shard-00-01.o1lz01x.mongodb.net","service":"openipo-backend","timestamp":"2026-01-25T04:55:24.805Z"}
{"level":"info","message":"✅ Server running on port 5000","service":"openipo-backend","timestamp":"2026-01-25T04:55:24.852Z"}
{"level":"info","message":"✅ MongoDB Connected: ac-exrwgag-shard-00-01.o1lz01x.mongodb.net","service":"openipo-backend","timestamp":"2026-01-25T05:07:25.374Z"}
{"level":"info","message":"✅ Server running on port 5000","service":"openipo-backend","timestamp":"2026-01-25T05:07:25.416Z"}
{"level":"info","message":"✅ MongoDB Connected: ac-exrwgag-shard-00-02.o1lz01x.mongodb.net","service":"openipo-backend","timestamp":"2026-01-25T08:28:34.667Z"}
{"level":"info","message":"✅ Server running on port 5000","service":"openipo-backend","timestamp":"2026-01-25T08:28:34.683Z"}
{"level":"info","message":"✅ MongoDB Connected: ac-exrwgag-shard-00-00.o1lz01x.mongodb.net","service":"openipo-backend","timestamp":"2026-01-26T03:03:29.866Z"}
{"level":"info","message":"✅ Server running on port 5000","service":"openipo-backend","timestamp":"2026-01-26T03:03:29.904Z"}
{"level":"info","message":"✅ MongoDB Connected: ac-exrwgag-shard-00-01.o1lz01x.mongodb.net","service":"openipo-backend","timestamp":"2026-01-26T03:09:19.486Z"}
{"level":"info","message":"✅ Server running on port 5000","service":"openipo-backend","timestamp":"2026-01-26T03:09:19.513Z"}
{"level":"info","message":"✅ MongoDB Connected: ac-exrwgag-shard-00-01.o1lz01x.mongodb.net","service":"openipo-backend","timestamp":"2026-01-26T03:10:53.472Z"}
{"level":"info","message":"✅ Server running on port 5000","service":"openipo-backend","timestamp":"2026-01-26T03:10:53.514Z"}
{"level":"error","message":"❌ MongoDB connection failed:","service":"openipo-backend","timestamp":"2026-01-26T03:14:50.620Z"}
{"level":"error","message":"❌ MongoDB connection failed:","service":"openipo-backend","timestamp":"2026-01-26T03:15:05.426Z"}
{"level":"info","message":"✅ MongoDB Connected: ac-exrwgag-shard-00-02.o1lz01x.mongodb.net","service":"openipo-backend","timestamp":"2026-01-26T03:19:06.319Z"}
{"level":"info","message":"✅ Server running on port 5000","service":"openipo-backend","timestamp":"2026-01-26T03:19:06.356Z"}
{"level":"info","message":"✅ MongoDB Connected: ac-exrwgag-shard-00-02.o1lz01x.mongodb.net","service":"openipo-backend","timestamp":"2026-01-26T04:10:01.089Z"}
{"level":"info","message":"✅ MongoDB Connected: ac-exrwgag-shard-00-02.o1lz01x.mongodb.net","service":"openipo-backend","timestamp":"2026-01-26T04:10:37.344Z"}
{"level":"info","message":"✅ Server running on port 5000","service":"openipo-backend","timestamp":"2026-01-26T04:10:37.371Z"}
{"level":"info","message":"✅ MongoDB Connected: ac-exrwgag-shard-00-02.o1lz01x.mongodb.net","service":"openipo-backend","timestamp":"2026-01-26T06:56:16.369Z"}
{"level":"info","message":"✅ Server running on port 5000","service":"openipo-backend","timestamp":"2026-01-26T06:56:16.390Z"}
{"level":"info","message":"✅ MongoDB Connected: ac-exrwgag-shard-00-00.o1lz01x.mongodb.net","service":"openipo-backend","timestamp":"2026-01-26T07:06:42.440Z"}
{"level":"info","message":"✅ MongoDB Connected: ac-exrwgag-shard-00-02.o1lz01x.mongodb.net","service":"openipo-backend","timestamp":"2026-01-26T07:08:30.236Z"}
{"level":"info","message":"✅ Server running on port 5000","service":"openipo-backend","timestamp":"2026-01-26T07:08:30.266Z"}
{"level":"info","message":"✅ MongoDB Connected: ac-exrwgag-shard-00-00.o1lz01x.mongodb.net","service":"openipo-backend","timestamp":"2026-01-26T07:47:42.946Z"}
{"level":"info","message":"✅ MongoDB Connected: ac-exrwgag-shard-00-01.o1lz01x.mongodb.net","service":"openipo-backend","timestamp":"2026-01-26T07:49:20.419Z"}
{"level":"info","message":"✅ Server running on port 5000","service":"openipo-backend","timestamp":"2026-01-26T07:49:20.429Z"}
{"level":"info","message":"✅ MongoDB Connected: ac-exrwgag-shard-00-00.o1lz01x.mongodb.net","service":"openipo-backend","timestamp":"2026-01-26T08:04:13.070Z"}
{"level":"info","message":"✅ Server running on port 5000","service":"openipo-backend","timestamp":"2026-01-26T08:04:13.092Z"}
{"level":"info","message":"✅ MongoDB Connected: ac-exrwgag-shard-00-00.o1lz01x.mongodb.net","service":"openipo-backend","timestamp":"2026-01-26T08:04:31.920Z"}
{"level":"info","message":"✅ Server running on port 5000","service":"openipo-backend","timestamp":"2026-01-26T08:04:31.948Z"}
{"level":"info","message":"✅ MongoDB Connected: ac-exrwgag-shard-00-01.o1lz01x.mongodb.net","service":"openipo-backend","timestamp":"2026-01-26T08:37:00.427Z"}
{"level":"info","message":"✅ Server running on port 5000","service":"openipo-backend","timestamp":"2026-01-26T08:37:00.472Z"}
{"level":"info","message":"✅ MongoDB Connected: ac-exrwgag-shard-00-02.o1lz01x.mongodb.net","service":"openipo-backend","timestamp":"2026-01-26T08:37:32.225Z"}
{"level":"info","message":"✅ Server running on port 5000","service":"openipo-backend","timestamp":"2026-01-26T08:37:32.275Z"}
{"level":"info","message":"✅ MongoDB Connected: ac-exrwgag-shard-00-00.o1lz01x.mongodb.net","service":"openipo-backend","timestamp":"2026-01-26T08:56:49.092Z"}
{"level":"info","message":"✅ MongoDB Connected: ac-exrwgag-shard-00-01.o1lz01x.mongodb.net","service":"openipo-backend","timestamp":"2026-01-26T09:07:56.918Z"}
{"level":"info","message":"✅ Server running on port 5000","service":"openipo-backend","timestamp":"2026-01-26T09:07:56.996Z"}
{"level":"info","message":"✅ MongoDB Connected: ac-exrwgag-shard-00-02.o1lz01x.mongodb.net","service":"openipo-backend","timestamp":"2026-01-26T09:33:59.410Z"}
{"level":"info","message":"✅ MongoDB Connected: ac-exrwgag-shard-00-00.o1lz01x.mongodb.net","service":"openipo-backend","timestamp":"2026-01-26T09:35:11.984Z"}
{"level":"info","message":"✅ Server running on port 5000","service":"openipo-backend","timestamp":"2026-01-26T09:35:12.011Z"}
{"level":"info","message":"✅ MongoDB Connected: ac-exrwgag-shard-00-00.o1lz01x.mongodb.net","service":"openipo-backend","timestamp":"2026-01-26T10:10:10.204Z"}
{"level":"info","message":"✅ Server running on port 5000","service":"openipo-backend","timestamp":"2026-01-26T10:10:10.212Z"}
{"level":"info","message":"✅ MongoDB Connected: ac-exrwgag-shard-00-02.o1lz01x.mongodb.net","service":"openipo-backend","timestamp":"2026-01-26T10:10:35.403Z"}
{"level":"info","message":"✅ Server running on port 5000","service":"openipo-backend","timestamp":"2026-01-26T10:10:35.411Z"}
{"level":"info","message":"✅ MongoDB Connected: ac-exrwgag-shard-00-01.o1lz01x.mongodb.net","service":"openipo-backend","timestamp":"2026-01-26T10:33:42.739Z"}
{"level":"info","message":"✅ Server running on port 5000","service":"openipo-backend","timestamp":"2026-01-26T10:33:42.754Z"}
{"level":"info","message":"✅ MongoDB Connected: ac-exrwgag-shard-00-01.o1lz01x.mongodb.net","service":"openipo-backend","timestamp":"2026-01-26T10:39:26.486Z"}
{"level":"info","message":"✅ Server running on port 5000","service":"openipo-backend","timestamp":"2026-01-26T10:39:26.499Z"}
{"level":"info","message":"✅ MongoDB Connected: ac-exrwgag-shard-00-02.o1lz01x.mongodb.net","service":"openipo-backend","timestamp":"2026-01-26T11:04:31.128Z"}
{"level":"info","message":"✅ Server running on port 5000","service":"openipo-backend","timestamp":"2026-01-26T11:04:31.171Z"}
{"level":"info","message":"✅ MongoDB Connected: ac-exrwgag-shard-00-00.o1lz01x.mongodb.net","service":"openipo-backend","timestamp":"2026-01-26T11:04:45.785Z"}
{"level":"info","message":"✅ Server running on port 5000","service":"openipo-backend","timestamp":"2026-01-26T11:04:45.808Z"}
{"level":"info","message":"✅ MongoDB Connected: ac-exrwgag-shard-00-01.o1lz01x.mongodb.net","service":"openipo-backend","timestamp":"2026-01-26T11:13:39.447Z"}
{"level":"info","message":"✅ Server running on port 5000","service":"openipo-backend","timestamp":"2026-01-26T11:13:39.472Z"}
{"level":"info","message":"✅ MongoDB Connected: ac-exrwgag-shard-00-02.o1lz01x.mongodb.net","service":"openipo-backend","timestamp":"2026-01-26T11:13:57.315Z"}
{"level":"info","message":"✅ Server running on port 5000","service":"openipo-backend","timestamp":"2026-01-26T11:13:57.358Z"}
{"level":"info","message":"✅ MongoDB Connected: ac-exrwgag-shard-00-00.o1lz01x.mongodb.net","service":"openipo-backend","timestamp":"2026-01-26T11:15:03.317Z"}
{"level":"info","message":"✅ Server running on port 5000","service":"openipo-backend","timestamp":"2026-01-26T11:15:03.353Z"}
{"level":"info","message":"✅ MongoDB Connected: ac-exrwgag-shard-00-02.o1lz01x.mongodb.net","service":"openipo-backend","timestamp":"2026-01-26T11:15:34.829Z"}
{"level":"info","message":"✅ Server running on port 5000","service":"openipo-backend","timestamp":"2026-01-26T11:15:34.856Z"}
{"level":"info","message":"✅ MongoDB Connected: ac-exrwgag-shard-00-00.o1lz01x.mongodb.net","service":"openipo-backend","timestamp":"2026-01-26T11:34:33.251Z"}
{"level":"info","message":"✅ Server running on port 5000","service":"openipo-backend","timestamp":"2026-01-26T11:34:33.287Z"}
{"level":"info","message":"✅ MongoDB Connected: ac-exrwgag-shard-00-01.o1lz01x.mongodb.net","service":"openipo-backend","timestamp":"2026-01-26T11:34:58.894Z"}
{"level":"info","message":"✅ Server running on port 5000","service":"openipo-backend","timestamp":"2026-01-26T11:34:58.931Z"}
{"level":"info","message":"✅ MongoDB Connected: ac-exrwgag-shard-00-02.o1lz01x.mongodb.net","service":"openipo-backend","timestamp":"2026-01-27T03:48:38.028Z"}
{"level":"info","message":"✅ Server running on port 5000","service":"openipo-backend","timestamp":"2026-01-27T03:48:38.099Z"}
{"level":"info","message":"✅ MongoDB Connected: ac-exrwgag-shard-00-01.o1lz01x.mongodb.net","service":"openipo-backend","timestamp":"2026-01-27T04:28:17.100Z"}
{"level":"info","message":"✅ Server running on port 5000","service":"openipo-backend","timestamp":"2026-01-27T04:28:17.109Z"}
{"level":"info","message":"✅ MongoDB Connected: ac-exrwgag-shard-00-00.o1lz01x.mongodb.net","service":"openipo-backend","timestamp":"2026-01-27T04:28:37.149Z"}
{"level":"info","message":"✅ Server running on port 5000","service":"openipo-backend","timestamp":"2026-01-27T04:28:37.171Z"}
{"level":"info","message":"✅ MongoDB Connected: ac-exrwgag-shard-00-00.o1lz01x.mongodb.net","service":"openipo-backend","timestamp":"2026-01-27T04:36:18.980Z"}
{"level":"info","message":"✅ MongoDB Connected: ac-exrwgag-shard-00-01.o1lz01x.mongodb.net","service":"openipo-backend","timestamp":"2026-01-27T04:36:50.100Z"}
{"level":"info","message":"✅ Server running on port 5000","service":"openipo-backend","timestamp":"2026-01-27T04:36:50.111Z"}
{"level":"info","message":"✅ MongoDB Connected: ac-exrwgag-shard-00-02.o1lz01x.mongodb.net","service":"openipo-backend","timestamp":"2026-01-27T04:36:52.951Z"}
{"level":"info","message":"✅ MongoDB Connected: ac-exrwgag-shard-00-01.o1lz01x.mongodb.net","service":"openipo-backend","timestamp":"2026-01-27T04:37:19.695Z"}
{"level":"info","message":"✅ Server running on port 5000","service":"openipo-backend","timestamp":"2026-01-27T04:37:19.704Z"}
{"level":"info","message":"✅ MongoDB Connected: ac-exrwgag-shard-00-01.o1lz01x.mongodb.net","service":"openipo-backend","timestamp":"2026-01-27T04:41:09.655Z"}
{"level":"info","message":"✅ MongoDB Connected: ac-exrwgag-shard-00-00.o1lz01x.mongodb.net","service":"openipo-backend","timestamp":"2026-01-27T04:41:09.657Z"}
{"level":"info","message":"✅ MongoDB Connected: ac-exrwgag-shard-00-02.o1lz01x.mongodb.net","service":"openipo-backend","timestamp":"2026-01-27T04:41:09.659Z"}
{"level":"info","message":"✅ MongoDB Connected: ac-exrwgag-shard-00-01.o1lz01x.mongodb.net","service":"openipo-backend","timestamp":"2026-01-27T04:41:11.511Z"}
{"level":"info","message":"✅ MongoDB Connected: ac-exrwgag-shard-00-00.o1lz01x.mongodb.net","service":"openipo-backend","timestamp":"2026-01-27T04:41:11.512Z"}
{"level":"info","message":"✅ MongoDB Connected: ac-exrwgag-shard-00-01.o1lz01x.mongodb.net","service":"openipo-backend","timestamp":"2026-01-27T04:41:11.577Z"}
{"level":"info","message":"✅ MongoDB Connected: ac-exrwgag-shard-00-00.o1lz01x.mongodb.net","service":"openipo-backend","timestamp":"2026-01-27T04:42:54.327Z"}
{"level":"info","message":"✅ MongoDB Connected: ac-exrwgag-shard-00-00.o1lz01x.mongodb.net","service":"openipo-backend","timestamp":"2026-01-27T04:43:20.903Z"}
{"level":"info","message":"✅ MongoDB Connected: ac-exrwgag-shard-00-01.o1lz01x.mongodb.net","service":"openipo-backend","timestamp":"2026-01-27T04:43:54.784Z"}
{"level":"info","message":"✅ Server running on port 5000","service":"openipo-backend","timestamp":"2026-01-27T04:43:54.797Z"}
{"level":"info","message":"✅ MongoDB Connected: ac-exrwgag-shard-00-02.o1lz01x.mongodb.net","service":"openipo-backend","timestamp":"2026-01-27T04:43:55.727Z"}
{"level":"info","message":"✅ MongoDB Connected: ac-exrwgag-shard-00-02.o1lz01x.mongodb.net","service":"openipo-backend","timestamp":"2026-01-27T04:43:55.737Z"}
{"level":"info","message":"✅ MongoDB Connected: ac-exrwgag-shard-00-00.o1lz01x.mongodb.net","service":"openipo-backend","timestamp":"2026-01-27T04:43:55.738Z"}
{"level":"info","message":"✅ MongoDB Connected: ac-exrwgag-shard-00-02.o1lz01x.mongodb.net","service":"openipo-backend","timestamp":"2026-01-27T04:44:23.601Z"}
{"level":"info","message":"✅ MongoDB Connected: ac-exrwgag-shard-00-00.o1lz01x.mongodb.net","service":"openipo-backend","timestamp":"2026-01-27T04:45:09.662Z"}
{"level":"info","message":"✅ MongoDB Connected: ac-exrwgag-shard-00-00.o1lz01x.mongodb.net","service":"openipo-backend","timestamp":"2026-01-27T04:45:09.662Z"}
{"level":"info","message":"✅ MongoDB Connected: ac-exrwgag-shard-00-02.o1lz01x.mongodb.net","service":"openipo-backend","timestamp":"2026-01-27T04:45:09.662Z"}
{"level":"info","message":"✅ MongoDB Connected: ac-exrwgag-shard-00-01.o1lz01x.mongodb.net","service":"openipo-backend","timestamp":"2026-01-27T04:45:09.663Z"}
{"level":"info","message":"✅ MongoDB Connected: ac-exrwgag-shard-00-02.o1lz01x.mongodb.net","service":"openipo-backend","timestamp":"2026-01-27T04:45:47.092Z"}
{"level":"info","message":"✅ MongoDB Connected: ac-exrwgag-shard-00-00.o1lz01x.mongodb.net","service":"openipo-backend","timestamp":"2026-01-27T04:45:56.109Z"}
{"level":"info","message":"✅ MongoDB Connected: ac-exrwgag-shard-00-02.o1lz01x.mongodb.net","service":"openipo-backend","timestamp":"2026-01-27T04:46:43.782Z"}
{"level":"info","message":"✅ Server running on port 6000","service":"openipo-backend","timestamp":"2026-01-27T04:46:43.796Z"}
{"level":"info","message":"✅ MongoDB Connected: ac-exrwgag-shard-00-02.o1lz01x.mongodb.net","service":"openipo-backend","timestamp":"2026-01-27T06:06:01.578Z"}
{"level":"info","message":"✅ Server running on port 6000","service":"openipo-backend","timestamp":"2026-01-27T06:06:01.589Z"}
{"level":"info","message":"✅ MongoDB Connected: ac-exrwgag-shard-00-00.o1lz01x.mongodb.net","service":"openipo-backend","timestamp":"2026-01-27T06:06:16.011Z"}
{"level":"info","message":"✅ Server running on port 6000","service":"openipo-backend","timestamp":"2026-01-27T06:06:16.020Z"}
{"level":"info","message":"✅ MongoDB Connected: ac-exrwgag-shard-00-01.o1lz01x.mongodb.net","service":"openipo-backend","timestamp":"2026-01-27T06:06:55.212Z"}
{"level":"info","message":"✅ MongoDB Connected: ac-exrwgag-shard-00-02.o1lz01x.mongodb.net","service":"openipo-backend","timestamp":"2026-01-27T06:07:22.864Z"}
{"level":"info","message":"✅ Server running on port 6000","service":"openipo-backend","timestamp":"2026-01-27T06:07:22.884Z"}
{"level":"info","message":"✅ MongoDB Connected: ac-exrwgag-shard-00-00.o1lz01x.mongodb.net","service":"openipo-backend","timestamp":"2026-01-27T06:18:15.086Z"}
{"level":"info","message":"✅ MongoDB Connected: ac-exrwgag-shard-00-01.o1lz01x.mongodb.net","service":"openipo-backend","timestamp":"2026-01-27T06:20:56.551Z"}
{"level":"info","message":"✅ MongoDB Connected: ac-exrwgag-shard-00-01.o1lz01x.mongodb.net","service":"openipo-backend","timestamp":"2026-01-27T06:44:00.564Z"}
{"level":"info","message":"✅ MongoDB Connected: ac-exrwgag-shard-00-01.o1lz01x.mongodb.net","service":"openipo-backend","timestamp":"2026-01-27T08:52:18.571Z"}
{"level":"info","message":"✅ Server running on port 5000","service":"openipo-backend","timestamp":"2026-01-27T08:52:18.600Z"}
{"level":"info","message":"✅ MongoDB Connected: ac-exrwgag-shard-00-02.o1lz01x.mongodb.net","service":"openipo-backend","timestamp":"2026-01-27T09:19:41.149Z"}
{"level":"info","message":"✅ Server running on port 5000","service":"openipo-backend","timestamp":"2026-01-27T09:19:41.171Z"}
{"level":"info","message":"✅ MongoDB Connected: ac-exrwgag-shard-00-00.o1lz01x.mongodb.net","service":"openipo-backend","timestamp":"2026-01-27T09:40:26.721Z"}
{"level":"info","message":"✅ Server running on port 5000","service":"openipo-backend","timestamp":"2026-01-27T09:40:26.760Z"}
{"level":"info","message":"✅ MongoDB Connected: ac-exrwgag-shard-00-02.o1lz01x.mongodb.net","service":"openipo-backend","timestamp":"2026-01-28T03:28:06.029Z"}
{"level":"info","message":"✅ Server running on port 5000","service":"openipo-backend","timestamp":"2026-01-28T03:28:06.075Z"}
{"level":"info","message":"✅ MongoDB Connected: ac-exrwgag-shard-00-01.o1lz01x.mongodb.net","service":"openipo-backend","timestamp":"2026-01-28T07:07:59.821Z"}
{"level":"info","message":"✅ Server running on port 5000","service":"openipo-backend","timestamp":"2026-01-28T07:07:59.845Z"}
{"level":"info","message":"✅ MongoDB Connected: ac-exrwgag-shard-00-00.o1lz01x.mongodb.net","service":"openipo-backend","timestamp":"2026-01-28T07:08:19.821Z"}
{"level":"info","message":"✅ Server running on port 5000","service":"openipo-backend","timestamp":"2026-01-28T07:08:19.854Z"}
{"level":"info","message":"✅ MongoDB Connected: ac-exrwgag-shard-00-01.o1lz01x.mongodb.net","service":"openipo-backend","timestamp":"2026-01-28T07:45:12.025Z"}
{"level":"info","message":"✅ Server running on port 5000","service":"openipo-backend","timestamp":"2026-01-28T07:45:12.066Z"}
{"level":"info","message":"✅ MongoDB Connected: ac-exrwgag-shard-00-02.o1lz01x.mongodb.net","service":"openipo-backend","timestamp":"2026-01-28T07:45:22.671Z"}
{"level":"info","message":"✅ Server running on port 5000","service":"openipo-backend","timestamp":"2026-01-28T07:45:22.688Z"}
{"level":"info","message":"✅ MongoDB Connected: ac-exrwgag-shard-00-00.o1lz01x.mongodb.net","service":"openipo-backend","timestamp":"2026-01-28T09:56:28.674Z"}
{"level":"info","message":"✅ Server running on port 5000","service":"openipo-backend","timestamp":"2026-01-28T09:56:28.731Z"}
{"level":"info","message":"✅ MongoDB Connected: ac-exrwgag-shard-00-00.o1lz01x.mongodb.net","service":"openipo-backend","timestamp":"2026-01-28T09:56:42.473Z"}
{"level":"info","message":"✅ Server running on port 5000","service":"openipo-backend","timestamp":"2026-01-28T09:56:42.539Z"}
{"level":"info","message":"✅ MongoDB Connected: ac-exrwgag-shard-00-02.o1lz01x.mongodb.net","service":"openipo-backend","timestamp":"2026-01-28T10:49:38.286Z"}
{"level":"info","message":"✅ Server running on port 5000","service":"openipo-backend","timestamp":"2026-01-28T10:49:38.312Z"}
{"level":"info","message":"✅ MongoDB Connected: ac-exrwgag-shard-00-00.o1lz01x.mongodb.net","service":"openipo-backend","timestamp":"2026-01-28T11:01:51.282Z"}
{"level":"info","message":"✅ Server running on port 5000","service":"openipo-backend","timestamp":"2026-01-28T11:01:51.343Z"}
{"level":"info","message":"✅ MongoDB Connected: ac-exrwgag-shard-00-02.o1lz01x.mongodb.net","service":"openipo-backend","timestamp":"2026-01-28T11:02:02.015Z"}
{"level":"info","message":"✅ Server running on port 5000","service":"openipo-backend","timestamp":"2026-01-28T11:02:02.053Z"}
{"level":"info","message":"✅ MongoDB Connected: ac-exrwgag-shard-00-02.o1lz01x.mongodb.net","service":"openipo-backend","timestamp":"2026-01-28T11:20:38.507Z"}
{"level":"info","message":"✅ Server running on port 5000","service":"openipo-backend","timestamp":"2026-01-28T11:20:38.534Z"}
{"level":"info","message":"✅ MongoDB Connected: ac-exrwgag-shard-00-00.o1lz01x.mongodb.net","service":"openipo-backend","timestamp":"2026-01-29T03:16:41.924Z"}
{"level":"info","message":"✅ Server running on port 5000","service":"openipo-backend","timestamp":"2026-01-29T03:16:41.955Z"}
{"level":"info","message":"✅ MongoDB Connected: ac-exrwgag-shard-00-00.o1lz01x.mongodb.net","service":"openipo-backend","timestamp":"2026-01-29T04:01:25.619Z"}
{"level":"info","message":"✅ Server running on port 5000","service":"openipo-backend","timestamp":"2026-01-29T04:01:25.637Z"}
{"level":"info","message":"✅ MongoDB Connected: ac-exrwgag-shard-00-01.o1lz01x.mongodb.net","service":"openipo-backend","timestamp":"2026-01-29T04:01:47.749Z"}
{"level":"info","message":"✅ Server running on port 5000","service":"openipo-backend","timestamp":"2026-01-29T04:01:47.773Z"}
{"level":"info","message":"✅ MongoDB Connected: ac-exrwgag-shard-00-02.o1lz01x.mongodb.net","service":"openipo-backend","timestamp":"2026-01-29T04:15:37.667Z"}
{"level":"info","message":"✅ Server running on port 5000","service":"openipo-backend","timestamp":"2026-01-29T04:15:37.695Z"}
{"level":"info","message":"✅ MongoDB Connected: ac-exrwgag-shard-00-00.o1lz01x.mongodb.net","service":"openipo-backend","timestamp":"2026-01-29T04:17:53.556Z"}
{"level":"info","message":"✅ Server running on port 5000","service":"openipo-backend","timestamp":"2026-01-29T04:17:53.590Z"}
{"error":"Not Found - /api/admin/auth/password","level":"error","message":"Error occurred","method":"PUT","service":"openipo-backend","stack":"Error: Not Found - /api/admin/auth/password\n    at notFound (file:///D:/openipo/backend/src/middlewares/notFound.js:2:19)\n    at Layer.handle [as handle_request] (D:\\openipo\\backend\\node_modules\\express\\lib\\router\\layer.js:95:5)\n    at trim_prefix (D:\\openipo\\backend\\node_modules\\express\\lib\\router\\index.js:328:13)\n    at D:\\openipo\\backend\\node_modules\\express\\lib\\router\\index.js:286:9\n    at router.process_params (D:\\openipo\\backend\\node_modules\\express\\lib\\router\\index.js:346:12)\n    at next (D:\\openipo\\backend\\node_modules\\express\\lib\\router\\index.js:280:10)\n    at D:\\openipo\\backend\\node_modules\\express\\lib\\router\\index.js:646:15\n    at next (D:\\openipo\\backend\\node_modules\\express\\lib\\router\\index.js:265:14)\n    at router.handle (D:\\openipo\\backend\\node_modules\\express\\lib\\router\\index.js:175:3)\n    at router (D:\\openipo\\backend\\node_modules\\express\\lib\\router\\index.js:47:12)","timestamp":"2026-01-29T04:53:10.409Z","url":"/api/admin/auth/password"}
{"level":"info","message":"✅ MongoDB Connected: ac-exrwgag-shard-00-00.o1lz01x.mongodb.net","service":"openipo-backend","timestamp":"2026-01-29T04:53:51.185Z"}
{"level":"info","message":"✅ MongoDB Connected: ac-exrwgag-shard-00-00.o1lz01x.mongodb.net","service":"openipo-backend","timestamp":"2026-01-29T04:54:26.607Z"}
{"level":"info","message":"✅ Server running on port 5000","service":"openipo-backend","timestamp":"2026-01-29T04:54:26.616Z"}
{"level":"info","message":"✅ MongoDB Connected: ac-exrwgag-shard-00-02.o1lz01x.mongodb.net","service":"openipo-backend","timestamp":"2026-01-29T04:55:04.907Z"}
{"level":"info","message":"✅ MongoDB Connected: ac-exrwgag-shard-00-01.o1lz01x.mongodb.net","service":"openipo-backend","timestamp":"2026-01-29T04:55:28.634Z"}
{"level":"info","message":"✅ Server running on port 5000","service":"openipo-backend","timestamp":"2026-01-29T04:55:28.643Z"}
{"level":"info","message":"✅ MongoDB Connected: ac-exrwgag-shard-00-02.o1lz01x.mongodb.net","service":"openipo-backend","timestamp":"2026-01-29T04:55:44.936Z"}
{"level":"info","message":"✅ Server running on port 5000","service":"openipo-backend","timestamp":"2026-01-29T04:55:44.946Z"}
{"level":"info","message":"✅ MongoDB Connected: ac-exrwgag-shard-00-00.o1lz01x.mongodb.net","service":"openipo-backend","timestamp":"2026-01-29T04:56:33.904Z"}
{"level":"info","message":"✅ MongoDB Connected: ac-exrwgag-shard-00-01.o1lz01x.mongodb.net","service":"openipo-backend","timestamp":"2026-01-29T04:58:14.579Z"}
{"level":"info","message":"✅ Server running on port 5000","service":"openipo-backend","timestamp":"2026-01-29T04:58:14.589Z"}
{"level":"info","message":"✅ MongoDB Connected: ac-exrwgag-shard-00-01.o1lz01x.mongodb.net","service":"openipo-backend","timestamp":"2026-01-29T04:58:35.082Z"}
{"level":"info","message":"✅ Server running on port 5000","service":"openipo-backend","timestamp":"2026-01-29T04:58:35.091Z"}
{"level":"info","message":"✅ MongoDB Connected: ac-exrwgag-shard-00-02.o1lz01x.mongodb.net","service":"openipo-backend","timestamp":"2026-01-29T05:11:31.953Z"}
{"level":"info","message":"✅ Server running on port 5000","service":"openipo-backend","timestamp":"2026-01-29T05:11:31.963Z"}
{"level":"info","message":"✅ MongoDB Connected: ac-exrwgag-shard-00-01.o1lz01x.mongodb.net","service":"openipo-backend","timestamp":"2026-01-29T05:13:25.804Z"}
{"level":"info","message":"✅ Server running on port 5000","service":"openipo-backend","timestamp":"2026-01-29T05:13:25.813Z"}
{"level":"info","message":"✅ MongoDB Connected: ac-exrwgag-shard-00-02.o1lz01x.mongodb.net","service":"openipo-backend","timestamp":"2026-01-29T05:21:33.437Z"}
{"level":"info","message":"✅ MongoDB Connected: ac-exrwgag-shard-00-02.o1lz01x.mongodb.net","service":"openipo-backend","timestamp":"2026-01-29T05:22:18.334Z"}
{"level":"info","message":"✅ Server running on port 5000","service":"openipo-backend","timestamp":"2026-01-29T05:22:18.377Z"}
{"level":"info","message":"✅ MongoDB Connected: ac-exrwgag-shard-00-00.o1lz01x.mongodb.net","service":"openipo-backend","timestamp":"2026-01-29T05:26:18.464Z"}
{"level":"info","message":"✅ MongoDB Connected: ac-exrwgag-shard-00-01.o1lz01x.mongodb.net","service":"openipo-backend","timestamp":"2026-01-29T05:26:55.140Z"}
{"level":"info","message":"✅ Server running on port 5000","service":"openipo-backend","timestamp":"2026-01-29T05:26:55.161Z"}
{"level":"info","message":"✅ MongoDB Connected: ac-exrwgag-shard-00-02.o1lz01x.mongodb.net","service":"openipo-backend","timestamp":"2026-01-29T08:06:56.996Z"}
{"level":"info","message":"✅ Server running on port 5000","service":"openipo-backend","timestamp":"2026-01-29T08:06:57.018Z"}
{"level":"info","message":"✅ MongoDB Connected: ac-exrwgag-shard-00-00.o1lz01x.mongodb.net","service":"openipo-backend","timestamp":"2026-01-29T08:49:12.891Z"}
{"level":"info","message":"✅ Server running on port 5000","service":"openipo-backend","timestamp":"2026-01-29T08:49:12.921Z"}
{"level":"info","message":"✅ MongoDB Connected: ac-exrwgag-shard-00-00.o1lz01x.mongodb.net","service":"openipo-backend","timestamp":"2026-01-29T08:52:12.644Z"}
{"level":"info","message":"✅ Server running on port 5000","service":"openipo-backend","timestamp":"2026-01-29T08:52:12.686Z"}
{"level":"info","message":"✅ MongoDB Connected: ac-exrwgag-shard-00-01.o1lz01x.mongodb.net","service":"openipo-backend","timestamp":"2026-01-29T09:54:52.921Z"}
{"level":"info","message":"✅ MongoDB Connected: ac-exrwgag-shard-00-02.o1lz01x.mongodb.net","service":"openipo-backend","timestamp":"2026-01-30T03:19:52.538Z"}
{"level":"info","message":"✅ Server running on port 5000","service":"openipo-backend","timestamp":"2026-01-30T03:19:52.594Z"}
{"level":"info","message":"✅ MongoDB Connected: ac-exrwgag-shard-00-01.o1lz01x.mongodb.net","service":"openipo-backend","timestamp":"2026-01-30T08:05:15.945Z"}
{"level":"info","message":"✅ MongoDB Connected: ac-exrwgag-shard-00-02.o1lz01x.mongodb.net","service":"openipo-backend","timestamp":"2026-01-30T08:17:22.766Z"}
{"level":"info","message":"✅ Server running on port 5000","service":"openipo-backend","timestamp":"2026-01-30T08:17:22.784Z"}
{"level":"info","message":"✅ MongoDB Connected: ac-exrwgag-shard-00-02.o1lz01x.mongodb.net","service":"openipo-backend","timestamp":"2026-01-30T09:11:06.703Z"}
{"level":"info","message":"✅ Server running on port 5000","service":"openipo-backend","timestamp":"2026-01-30T09:11:06.726Z"}
{"level":"info","message":"✅ MongoDB Connected: ac-exrwgag-shard-00-01.o1lz01x.mongodb.net","service":"openipo-backend","timestamp":"2026-01-30T10:36:24.462Z"}
